{"__type":"$$EventMessageAudit","id":"dc205ba9-8436-4abd-af21-110c03c54255","ts":"2026-05-29T12:19:05.138+00:00","eventName":"n8n.audit.workflow.created","message":"n8n.audit.workflow.created","payload":{"userId":"3124fdca-7068-440c-ba3f-b39ea19def86","_email":"etrebesov@sovtest-ate.com","_firstName":"Egor","_lastName":"Trebesov","globalRole":"global:owner","workflowId":"M8Fm2CHqS3InTvpg","workflowName":"RAG Agent"}}
{"__type":"$$EventMessageConfirm","confirm":"dc205ba9-8436-4abd-af21-110c03c54255","ts":"2026-05-29T12:19:05.140+00:00","source":{"id":"0","name":"eventBus"}}
{"__type":"$$EventMessageAudit","id":"3d12c27e-23f7-419c-9715-456176c6cce8","ts":"2026-05-29T12:19:17.462+00:00","eventName":"n8n.audit.workflow.updated","message":"n8n.audit.workflow.updated","payload":{"userId":"3124fdca-7068-440c-ba3f-b39ea19def86","_email":"etrebesov@sovtest-ate.com","_firstName":"Egor","_lastName":"Trebesov","globalRole":"global:owner","workflowId":"M8Fm2CHqS3InTvpg","workflowName":"RAG Agent"}}
{"__type":"$$EventMessageConfirm","confirm":"3d12c27e-23f7-419c-9715-456176c6cce8","ts":"2026-05-29T12:19:17.462+00:00","source":{"id":"0","name":"eventBus"}}
{"__type":"$$EventMessageAudit","id":"89900b09-fbf7-4f42-8e1d-fed11439d7ea","ts":"2026-05-29T12:19:35.130+00:00","eventName":"n8n.audit.workflow.updated","message":"n8n.audit.workflow.updated","payload":{"userId":"3124fdca-7068-440c-ba3f-b39ea19def86","_email":"etrebesov@sovtest-ate.com","_firstName":"Egor","_lastName":"Trebesov","globalRole":"global:owner","workflowId":"M8Fm2CHqS3InTvpg","workflowName":"RAG Agent"}}
{"__type":"$$EventMessageConfirm","confirm":"89900b09-fbf7-4f42-8e1d-fed11439d7ea","ts":"2026-05-29T12:19:35.130+00:00","source":{"id":"0","name":"eventBus"}}
{"__type":"$$EventMessageAudit","id":"3eb8c0e5-eb34-4e62-832a-783c23c7e1d7","ts":"2026-05-29T12:20:03.867+00:00","eventName":"n8n.audit.workflow.updated","message":"n8n.audit.workflow.updated","payload":{"userId":"3124fdca-7068-440c-ba3f-b39ea19def86","_email":"etrebesov@sovtest-ate.com","_firstName":"Egor","_lastName":"Trebesov","globalRole":"global:owner","workflowId":"M8Fm2CHqS3InTvpg","workflowName":"RAG Agent"}}
{"__type":"$$EventMessageConfirm","confirm":"3eb8c0e5-eb34-4e62-832a-783c23c7e1d7","ts":"2026-05-29T12:20:03.867+00:00","source":{"id":"0","name":"eventBus"}}
{"__type":"$$EventMessageAudit","id":"f263f50f-41f8-4f4d-9f06-2d1a0ce4290d","ts":"2026-05-29T12:20:20.510+00:00","eventName":"n8n.audit.workflow.updated","message":"n8n.audit.workflow.updated","payload":{"userId":"3124fdca-7068-440c-ba3f-b39ea19def86","_email":"etrebesov@sovtest-ate.com","_firstName":"Egor","_lastName":"Trebesov","globalRole":"global:owner","workflowId":"M8Fm2CHqS3InTvpg","workflowName":"RAG Agent"}}
{"__type":"$$EventMessageConfirm","confirm":"f263f50f-41f8-4f4d-9f06-2d1a0ce4290d","ts":"2026-05-29T12:20:20.510+00:00","source":{"id":"0","name":"eventBus"}}
{"__type":"$$EventMessageAudit","id":"fd48dbd6-e3dd-4473-a3b0-44da3e1bb109","ts":"2026-05-29T12:20:25.064+00:00","eventName":"n8n.audit.workflow.updated","message":"n8n.audit.workflow.updated","payload":{"userId":"3124fdca-7068-440c-ba3f-b39ea19def86","_email":"etrebesov@sovtest-ate.com","_firstName":"Egor","_lastName":"Trebesov","globalRole":"global:owner","workflowId":"M8Fm2CHqS3InTvpg","workflowName":"RAG Agent"}}
{"__type":"$$EventMessageConfirm","confirm":"fd48dbd6-e3dd-4473-a3b0-44da3e1bb109","ts":"2026-05-29T12:20:25.064+00:00","source":{"id":"0","name":"eventBus"}}
{"__type":"$$EventMessageAudit","id":"75c7b3be-8037-4b5f-9a46-d92935a41164","ts":"2026-05-29T12:20:30.024+00:00","eventName":"n8n.audit.workflow.updated","message":"n8n.audit.workflow.updated","payload":{"userId":"3124fdca-7068-440c-ba3f-b39ea19def86","_email":"etrebesov@sovtest-ate.com","_firstName":"Egor","_lastName":"Trebesov","globalRole":"global:owner","workflowId":"M8Fm2CHqS3InTvpg","workflowName":"RAG Agent"}}
{"__type":"$$EventMessageConfirm","confirm":"75c7b3be-8037-4b5f-9a46-d92935a41164","ts":"2026-05-29T12:20:30.024+00:00","source":{"id":"0","name":"eventBus"}}
{"__type":"$$EventMessageAudit","id":"2d47bebd-c573-40e2-8bac-d29c38de6176","ts":"2026-05-29T12:20:35.855+00:00","eventName":"n8n.audit.workflow.updated","message":"n8n.audit.workflow.updated","payload":{"userId":"3124fdca-7068-440c-ba3f-b39ea19def86","_email":"etrebesov@sovtest-ate.com","_firstName":"Egor","_lastName":"Trebesov","globalRole":"global:owner","workflowId":"M8Fm2CHqS3InTvpg","workflowName":"RAG Agent"}}
{"__type":"$$EventMessageConfirm","confirm":"2d47bebd-c573-40e2-8bac-d29c38de6176","ts":"2026-05-29T12:20:35.855+00:00","source":{"id":"0","name":"eventBus"}}
{"__type":"$$EventMessageAudit","id":"9383e7cf-b772-47f0-8fb7-bd8189e45fc0","ts":"2026-05-29T12:20:55.277+00:00","eventName":"n8n.audit.workflow.updated","message":"n8n.audit.workflow.updated","payload":{"userId":"3124fdca-7068-440c-ba3f-b39ea19def86","_email":"etrebesov@sovtest-ate.com","_firstName":"Egor","_lastName":"Trebesov","globalRole":"global:owner","workflowId":"M8Fm2CHqS3InTvpg","workflowName":"RAG Agent"}}
{"__type":"$$EventMessageConfirm","confirm":"9383e7cf-b772-47f0-8fb7-bd8189e45fc0","ts":"2026-05-29T12:20:55.277+00:00","source":{"id":"0","name":"eventBus"}}
{"__type":"$$EventMessageAudit","id":"a4813ce2-1ee5-460c-aa91-592a132a9ab7","ts":"2026-05-29T12:20:59.333+00:00","eventName":"n8n.audit.workflow.updated","message":"n8n.audit.workflow.updated","payload":{"userId":"3124fdca-7068-440c-ba3f-b39ea19def86","_email":"etrebesov@sovtest-ate.com","_firstName":"Egor","_lastName":"Trebesov","globalRole":"global:owner","workflowId":"M8Fm2CHqS3InTvpg","workflowName":"RAG Agent"}}
{"__type":"$$EventMessageConfirm","confirm":"a4813ce2-1ee5-460c-aa91-592a132a9ab7","ts":"2026-05-29T12:20:59.333+00:00","source":{"id":"0","name":"eventBus"}}
{"__type":"$$EventMessageAudit","id":"bacf703e-a9bd-4f58-a658-1836b9e63978","ts":"2026-05-29T14:21:29.499+02:00","eventName":"n8n.audit.workflow.updated","message":"n8n.audit.workflow.updated","payload":{"userId":"3124fdca-7068-440c-ba3f-b39ea19def86","_email":"etrebesov@sovtest-ate.com","_firstName":"Egor","_lastName":"Trebesov","globalRole":"global:owner","workflowId":"M8Fm2CHqS3InTvpg","workflowName":"RAG Agent"}}
{"__type":"$$EventMessageConfirm","confirm":"bacf703e-a9bd-4f58-a658-1836b9e63978","ts":"2026-05-29T14:21:29.499+02:00","source":{"id":"0","name":"eventBus"}}
{"__type":"$$EventMessageAudit","id":"d2999c86-bb63-437a-b7d4-a482fb393953","ts":"2026-05-29T14:23:27.441+02:00","eventName":"n8n.audit.workflow.activated","message":"n8n.audit.workflow.activated","payload":{"userId":"3124fdca-7068-440c-ba3f-b39ea19def86","_email":"etrebesov@sovtest-ate.com","_firstName":"Egor","_lastName":"Trebesov","globalRole":"global:owner","workflowId":"M8Fm2CHqS3InTvpg","workflowName":"RAG Agent","activeVersionId":"3310a6a8-1cd9-437b-9c37-7c64853affaa"}}
{"__type":"$$EventMessageConfirm","confirm":"d2999c86-bb63-437a-b7d4-a482fb393953","ts":"2026-05-29T14:23:27.441+02:00","source":{"id":"0","name":"eventBus"}}
{"__type":"$$EventMessageAudit","id":"261b81ee-baa8-4530-bdb0-13f0c2149bd7","ts":"2026-05-29T14:26:46.498+02:00","eventName":"n8n.audit.workflow.executed","message":"n8n.audit.workflow.executed","payload":{"workflowId":"M8Fm2CHqS3InTvpg","workflowName":"RAG Agent","executionId":"1","source":"webhook"}}
{"__type":"$$EventMessageConfirm","confirm":"261b81ee-baa8-4530-bdb0-13f0c2149bd7","ts":"2026-05-29T14:26:46.498+02:00","source":{"id":"0","name":"eventBus"}}
{"__type":"$$EventMessageWorkflow","id":"b35ba8b7-d1bc-40dd-9623-c6c4cbf72e13","ts":"2026-05-29T14:26:46.498+02:00","eventName":"n8n.workflow.started","message":"n8n.workflow.started","payload":{"executionId":"1","workflowId":"M8Fm2CHqS3InTvpg","isManual":false,"mode":"manual","workflowName":"RAG Agent","projectId":"muJ9MLaUr5LSKuIA","projectName":"Egor Trebesov <etrebesov@sovtest-ate.com>"}}
{"__type":"$$EventMessageConfirm","confirm":"b35ba8b7-d1bc-40dd-9623-c6c4cbf72e13","ts":"2026-05-29T14:26:46.498+02:00","source":{"id":"0","name":"eventBus"}}
{"__type":"$$EventMessageNode","id":"861a345c-06b9-4a21-9a5a-a3c1d2d534bf","ts":"2026-05-29T14:26:46.504+02:00","eventName":"n8n.node.started","message":"n8n.node.started","payload":{"workflowId":"M8Fm2CHqS3InTvpg","workflowName":"RAG Agent","executionId":"1","nodeType":"n8n-nodes-base.webhook","nodeName":"Webhook","nodeId":"58b91ed9-e55a-418a-83ed-e5d521aa17f1"}}
{"__type":"$$EventMessageConfirm","confirm":"861a345c-06b9-4a21-9a5a-a3c1d2d534bf","ts":"2026-05-29T14:26:46.505+02:00","source":{"id":"0","name":"eventBus"}}
{"__type":"$$EventMessageNode","id":"a80358ad-afcb-4763-91d4-8429ba0e5e21","ts":"2026-05-29T14:26:46.506+02:00","eventName":"n8n.node.finished","message":"n8n.node.finished","payload":{"workflowId":"M8Fm2CHqS3InTvpg","workflowName":"RAG Agent","executionId":"1","nodeType":"n8n-nodes-base.webhook","nodeName":"Webhook","nodeId":"58b91ed9-e55a-418a-83ed-e5d521aa17f1"}}
{"__type":"$$EventMessageConfirm","confirm":"a80358ad-afcb-4763-91d4-8429ba0e5e21","ts":"2026-05-29T14:26:46.506+02:00","source":{"id":"0","name":"eventBus"}}
{"__type":"$$EventMessageWorkflow","id":"74236271-daf2-4761-8f9d-a69077aefc7e","ts":"2026-05-29T14:26:46.509+02:00","eventName":"n8n.workflow.failed","message":"n8n.workflow.failed","payload":{"userId":"3124fdca-7068-440c-ba3f-b39ea19def86","executionId":"1","success":false,"isManual":true,"mode":"manual","workflowId":"M8Fm2CHqS3InTvpg","workflowName":"RAG Agent","projectId":"muJ9MLaUr5LSKuIA","projectName":"Egor Trebesov <etrebesov@sovtest-ate.com>","lastNodeExecuted":"Webhook","errorMessage":"Unused Respond to Webhook node found in the workflow"}}
{"__type":"$$EventMessageConfirm","confirm":"74236271-daf2-4761-8f9d-a69077aefc7e","ts":"2026-05-29T14:26:46.509+02:00","source":{"id":"0","name":"eventBus"}}
{"__type":"$$EventMessageAudit","id":"3754ba8c-e039-4557-9be7-2b4ebdc47e12","ts":"2026-05-29T14:27:20.274+02:00","eventName":"n8n.audit.workflow.executed","message":"n8n.audit.workflow.executed","payload":{"workflowId":"M8Fm2CHqS3InTvpg","workflowName":"RAG Agent","executionId":"2","source":"webhook"}}
{"__type":"$$EventMessageConfirm","confirm":"3754ba8c-e039-4557-9be7-2b4ebdc47e12","ts":"2026-05-29T14:27:20.274+02:00","source":{"id":"0","name":"eventBus"}}
{"__type":"$$EventMessageWorkflow","id":"029e306c-9467-4f83-8c38-b45a7b6c204e","ts":"2026-05-29T14:27:20.274+02:00","eventName":"n8n.workflow.started","message":"n8n.workflow.started","payload":{"executionId":"2","workflowId":"M8Fm2CHqS3InTvpg","isManual":false,"mode":"manual","workflowName":"RAG Agent","projectId":"muJ9MLaUr5LSKuIA","projectName":"Egor Trebesov <etrebesov@sovtest-ate.com>"}}
{"__type":"$$EventMessageConfirm","confirm":"029e306c-9467-4f83-8c38-b45a7b6c204e","ts":"2026-05-29T14:27:20.274+02:00","source":{"id":"0","name":"eventBus"}}
{"__type":"$$EventMessageNode","id":"fc56bb90-2b67-45bb-8bcb-c6ac97782edc","ts":"2026-05-29T14:27:20.281+02:00","eventName":"n8n.node.started","message":"n8n.node.started","payload":{"workflowId":"M8Fm2CHqS3InTvpg","workflowName":"RAG Agent","executionId":"2","nodeType":"n8n-nodes-base.webhook","nodeName":"Webhook","nodeId":"58b91ed9-e55a-418a-83ed-e5d521aa17f1"}}
{"__type":"$$EventMessageConfirm","confirm":"fc56bb90-2b67-45bb-8bcb-c6ac97782edc","ts":"2026-05-29T14:27:20.281+02:00","source":{"id":"0","name":"eventBus"}}
{"__type":"$$EventMessageNode","id":"009b0201-b46b-4738-a34c-b842cf52375e","ts":"2026-05-29T14:27:20.281+02:00","eventName":"n8n.node.finished","message":"n8n.node.finished","payload":{"workflowId":"M8Fm2CHqS3InTvpg","workflowName":"RAG Agent","executionId":"2","nodeType":"n8n-nodes-base.webhook","nodeName":"Webhook","nodeId":"58b91ed9-e55a-418a-83ed-e5d521aa17f1"}}
{"__type":"$$EventMessageConfirm","confirm":"009b0201-b46b-4738-a34c-b842cf52375e","ts":"2026-05-29T14:27:20.282+02:00","source":{"id":"0","name":"eventBus"}}
{"__type":"$$EventMessageWorkflow","id":"3be46b86-6733-4224-b96d-698bf1a4a806","ts":"2026-05-29T14:27:20.282+02:00","eventName":"n8n.workflow.failed","message":"n8n.workflow.failed","payload":{"userId":"3124fdca-7068-440c-ba3f-b39ea19def86","executionId":"2","success":false,"isManual":true,"mode":"manual","workflowId":"M8Fm2CHqS3InTvpg","workflowName":"RAG Agent","projectId":"muJ9MLaUr5LSKuIA","projectName":"Egor Trebesov <etrebesov@sovtest-ate.com>","lastNodeExecuted":"Webhook","errorMessage":"Unused Respond to Webhook node found in the workflow"}}
{"__type":"$$EventMessageConfirm","confirm":"3be46b86-6733-4224-b96d-698bf1a4a806","ts":"2026-05-29T14:27:20.282+02:00","source":{"id":"0","name":"eventBus"}}
{"__type":"$$EventMessageAudit","id":"8639776f-22fd-460c-b114-dfdd7ed7bff4","ts":"2026-05-29T14:28:30.641+02:00","eventName":"n8n.audit.workflow.updated","message":"n8n.audit.workflow.updated","payload":{"userId":"3124fdca-7068-440c-ba3f-b39ea19def86","_email":"etrebesov@sovtest-ate.com","_firstName":"Egor","_lastName":"Trebesov","globalRole":"global:owner","workflowId":"M8Fm2CHqS3InTvpg","workflowName":"RAG Agent"}}
{"__type":"$$EventMessageConfirm","confirm":"8639776f-22fd-460c-b114-dfdd7ed7bff4","ts":"2026-05-29T14:28:30.641+02:00","source":{"id":"0","name":"eventBus"}}
{"__type":"$$EventMessageAudit","id":"4216a8e2-05d1-4f24-a8c5-47bbbf2384db","ts":"2026-05-29T14:29:23.716+02:00","eventName":"n8n.audit.workflow.updated","message":"n8n.audit.workflow.updated","payload":{"userId":"3124fdca-7068-440c-ba3f-b39ea19def86","_email":"etrebesov@sovtest-ate.com","_firstName":"Egor","_lastName":"Trebesov","globalRole":"global:owner","workflowId":"M8Fm2CHqS3InTvpg","workflowName":"RAG Agent"}}
{"__type":"$$EventMessageConfirm","confirm":"4216a8e2-05d1-4f24-a8c5-47bbbf2384db","ts":"2026-05-29T14:29:23.716+02:00","source":{"id":"0","name":"eventBus"}}
{"__type":"$$EventMessageAudit","id":"e1779b6f-fcbf-4557-8659-8d962629bdf0","ts":"2026-05-29T14:29:30.887+02:00","eventName":"n8n.audit.workflow.updated","message":"n8n.audit.workflow.updated","payload":{"userId":"3124fdca-7068-440c-ba3f-b39ea19def86","_email":"etrebesov@sovtest-ate.com","_firstName":"Egor","_lastName":"Trebesov","globalRole":"global:owner","workflowId":"M8Fm2CHqS3InTvpg","workflowName":"RAG Agent"}}
{"__type":"$$EventMessageConfirm","confirm":"e1779b6f-fcbf-4557-8659-8d962629bdf0","ts":"2026-05-29T14:29:30.887+02:00","source":{"id":"0","name":"eventBus"}}
{"__type":"$$EventMessageAudit","id":"82bb659b-9f7e-499c-b46b-916ed7037ad8","ts":"2026-05-29T14:29:48.581+02:00","eventName":"n8n.audit.workflow.updated","message":"n8n.audit.workflow.updated","payload":{"userId":"3124fdca-7068-440c-ba3f-b39ea19def86","_email":"etrebesov@sovtest-ate.com","_firstName":"Egor","_lastName":"Trebesov","globalRole":"global:owner","workflowId":"M8Fm2CHqS3InTvpg","workflowName":"RAG Agent"}}
{"__type":"$$EventMessageConfirm","confirm":"82bb659b-9f7e-499c-b46b-916ed7037ad8","ts":"2026-05-29T14:29:48.581+02:00","source":{"id":"0","name":"eventBus"}}
{"__type":"$$EventMessageAudit","id":"b94e8f49-1455-426a-aef4-5e41e5116cb2","ts":"2026-05-29T14:30:56.007+02:00","eventName":"n8n.audit.workflow.executed","message":"n8n.audit.workflow.executed","payload":{"workflowId":"M8Fm2CHqS3InTvpg","workflowName":"RAG Agent","executionId":"3","source":"webhook"}}
{"__type":"$$EventMessageConfirm","confirm":"b94e8f49-1455-426a-aef4-5e41e5116cb2","ts":"2026-05-29T14:30:56.007+02:00","source":{"id":"0","name":"eventBus"}}
{"__type":"$$EventMessageWorkflow","id":"9bc0600b-a2c8-452c-893c-c6d50564b00b","ts":"2026-05-29T14:30:56.007+02:00","eventName":"n8n.workflow.started","message":"n8n.workflow.started","payload":{"executionId":"3","workflowId":"M8Fm2CHqS3InTvpg","isManual":false,"mode":"manual","workflowName":"RAG Agent","projectId":"muJ9MLaUr5LSKuIA","projectName":"Egor Trebesov <etrebesov@sovtest-ate.com>"}}
{"__type":"$$EventMessageConfirm","confirm":"9bc0600b-a2c8-452c-893c-c6d50564b00b","ts":"2026-05-29T14:30:56.007+02:00","source":{"id":"0","name":"eventBus"}}
{"__type":"$$EventMessageNode","id":"081860f0-ee7d-4a4d-bb13-83773136631a","ts":"2026-05-29T14:30:56.015+02:00","eventName":"n8n.node.started","message":"n8n.node.started","payload":{"workflowId":"M8Fm2CHqS3InTvpg","workflowName":"RAG Agent","executionId":"3","nodeType":"n8n-nodes-base.webhook","nodeName":"Webhook","nodeId":"58b91ed9-e55a-418a-83ed-e5d521aa17f1"}}
{"__type":"$$EventMessageConfirm","confirm":"081860f0-ee7d-4a4d-bb13-83773136631a","ts":"2026-05-29T14:30:56.015+02:00","source":{"id":"0","name":"eventBus"}}
{"__type":"$$EventMessageNode","id":"061c04d2-0120-4446-abaa-67f725079965","ts":"2026-05-29T14:30:56.016+02:00","eventName":"n8n.node.finished","message":"n8n.node.finished","payload":{"workflowId":"M8Fm2CHqS3InTvpg","workflowName":"RAG Agent","executionId":"3","nodeType":"n8n-nodes-base.webhook","nodeName":"Webhook","nodeId":"58b91ed9-e55a-418a-83ed-e5d521aa17f1"}}
{"__type":"$$EventMessageConfirm","confirm":"061c04d2-0120-4446-abaa-67f725079965","ts":"2026-05-29T14:30:56.016+02:00","source":{"id":"0","name":"eventBus"}}
{"__type":"$$EventMessageNode","id":"08a928e8-31b0-453b-8f27-1c524c220d98","ts":"2026-05-29T14:30:56.017+02:00","eventName":"n8n.node.started","message":"n8n.node.started","payload":{"workflowId":"M8Fm2CHqS3InTvpg","workflowName":"RAG Agent","executionId":"3","nodeType":"n8n-nodes-base.httpRequest","nodeName":"HTTP Request","nodeId":"3ccfa089-6394-44e3-b8c9-a07341de61e2"}}
{"__type":"$$EventMessageConfirm","confirm":"08a928e8-31b0-453b-8f27-1c524c220d98","ts":"2026-05-29T14:30:56.017+02:00","source":{"id":"0","name":"eventBus"}}
{"__type":"$$EventMessageNode","id":"ca90b605-b3c9-4e35-b6d2-392ca8f9178c","ts":"2026-05-29T14:32:25.609+02:00","eventName":"n8n.node.finished","message":"n8n.node.finished","payload":{"workflowId":"M8Fm2CHqS3InTvpg","workflowName":"RAG Agent","executionId":"3","nodeType":"n8n-nodes-base.httpRequest","nodeName":"HTTP Request","nodeId":"3ccfa089-6394-44e3-b8c9-a07341de61e2"}}
{"__type":"$$EventMessageConfirm","confirm":"ca90b605-b3c9-4e35-b6d2-392ca8f9178c","ts":"2026-05-29T14:32:25.612+02:00","source":{"id":"0","name":"eventBus"}}
{"__type":"$$EventMessageNode","id":"ecc219c9-ed2d-4875-84ad-7df973161193","ts":"2026-05-29T14:32:25.613+02:00","eventName":"n8n.node.started","message":"n8n.node.started","payload":{"workflowId":"M8Fm2CHqS3InTvpg","workflowName":"RAG Agent","executionId":"3","nodeType":"n8n-nodes-base.respondToWebhook","nodeName":"Respond to Webhook","nodeId":"f02714cb-ad93-496a-b2ba-e04216d58531"}}
{"__type":"$$EventMessageConfirm","confirm":"ecc219c9-ed2d-4875-84ad-7df973161193","ts":"2026-05-29T14:32:25.613+02:00","source":{"id":"0","name":"eventBus"}}
{"__type":"$$EventMessageNode","id":"83192854-0fe0-4e06-9c5e-ae69d70a7879","ts":"2026-05-29T14:32:25.622+02:00","eventName":"n8n.node.finished","message":"n8n.node.finished","payload":{"workflowId":"M8Fm2CHqS3InTvpg","workflowName":"RAG Agent","executionId":"3","nodeType":"n8n-nodes-base.respondToWebhook","nodeName":"Respond to Webhook","nodeId":"f02714cb-ad93-496a-b2ba-e04216d58531"}}
{"__type":"$$EventMessageConfirm","confirm":"83192854-0fe0-4e06-9c5e-ae69d70a7879","ts":"2026-05-29T14:32:25.622+02:00","source":{"id":"0","name":"eventBus"}}
{"__type":"$$EventMessageWorkflow","id":"03ed6a8e-0f79-4130-8f70-e35c9c2c4449","ts":"2026-05-29T14:32:25.625+02:00","eventName":"n8n.workflow.success","message":"n8n.workflow.success","payload":{"userId":"3124fdca-7068-440c-ba3f-b39ea19def86","executionId":"3","success":true,"isManual":true,"mode":"manual","workflowId":"M8Fm2CHqS3InTvpg","workflowName":"RAG Agent","projectId":"muJ9MLaUr5LSKuIA","projectName":"Egor Trebesov <etrebesov@sovtest-ate.com>"}}
{"__type":"$$EventMessageConfirm","confirm":"03ed6a8e-0f79-4130-8f70-e35c9c2c4449","ts":"2026-05-29T14:32:25.625+02:00","source":{"id":"0","name":"eventBus"}}
{"__type":"$$EventMessageAudit","id":"31ae4929-eb9b-44fa-8501-d26a3db765da","ts":"2026-05-29T14:37:10.770+02:00","eventName":"n8n.audit.workflow.executed","message":"n8n.audit.workflow.executed","payload":{"workflowId":"M8Fm2CHqS3InTvpg","workflowName":"RAG Agent","executionId":"4","source":"webhook"}}
{"__type":"$$EventMessageConfirm","confirm":"31ae4929-eb9b-44fa-8501-d26a3db765da","ts":"2026-05-29T14:37:10.770+02:00","source":{"id":"0","name":"eventBus"}}
{"__type":"$$EventMessageWorkflow","id":"a70821b1-5fd8-44d1-92f7-bce76d2dfcdf","ts":"2026-05-29T14:37:10.770+02:00","eventName":"n8n.workflow.started","message":"n8n.workflow.started","payload":{"executionId":"4","workflowId":"M8Fm2CHqS3InTvpg","isManual":false,"mode":"manual","workflowName":"RAG Agent","projectId":"muJ9MLaUr5LSKuIA","projectName":"Egor Trebesov <etrebesov@sovtest-ate.com>"}}
{"__type":"$$EventMessageConfirm","confirm":"a70821b1-5fd8-44d1-92f7-bce76d2dfcdf","ts":"2026-05-29T14:37:10.770+02:00","source":{"id":"0","name":"eventBus"}}
{"__type":"$$EventMessageNode","id":"e3496af7-fa01-4cf3-a16a-1e063a10dacc","ts":"2026-05-29T14:37:10.778+02:00","eventName":"n8n.node.started","message":"n8n.node.started","payload":{"workflowId":"M8Fm2CHqS3InTvpg","workflowName":"RAG Agent","executionId":"4","nodeType":"n8n-nodes-base.webhook","nodeName":"Webhook","nodeId":"58b91ed9-e55a-418a-83ed-e5d521aa17f1"}}
{"__type":"$$EventMessageConfirm","confirm":"e3496af7-fa01-4cf3-a16a-1e063a10dacc","ts":"2026-05-29T14:37:10.778+02:00","source":{"id":"0","name":"eventBus"}}
{"__type":"$$EventMessageNode","id":"240cd42b-8b3a-4721-9297-f48035991831","ts":"2026-05-29T14:37:10.778+02:00","eventName":"n8n.node.finished","message":"n8n.node.finished","payload":{"workflowId":"M8Fm2CHqS3InTvpg","workflowName":"RAG Agent","executionId":"4","nodeType":"n8n-nodes-base.webhook","nodeName":"Webhook","nodeId":"58b91ed9-e55a-418a-83ed-e5d521aa17f1"}}
{"__type":"$$EventMessageConfirm","confirm":"240cd42b-8b3a-4721-9297-f48035991831","ts":"2026-05-29T14:37:10.778+02:00","source":{"id":"0","name":"eventBus"}}
{"__type":"$$EventMessageNode","id":"184d83d0-4d8d-43d6-ac19-c1c1f08d9ef0","ts":"2026-05-29T14:37:10.779+02:00","eventName":"n8n.node.started","message":"n8n.node.started","payload":{"workflowId":"M8Fm2CHqS3InTvpg","workflowName":"RAG Agent","executionId":"4","nodeType":"n8n-nodes-base.httpRequest","nodeName":"HTTP Request","nodeId":"3ccfa089-6394-44e3-b8c9-a07341de61e2"}}
{"__type":"$$EventMessageConfirm","confirm":"184d83d0-4d8d-43d6-ac19-c1c1f08d9ef0","ts":"2026-05-29T14:37:10.779+02:00","source":{"id":"0","name":"eventBus"}}
{"__type":"$$EventMessageNode","id":"c089ca90-4ef4-4a77-999d-b2aba7477fe0","ts":"2026-05-29T14:42:10.965+02:00","eventName":"n8n.node.finished","message":"n8n.node.finished","payload":{"workflowId":"M8Fm2CHqS3InTvpg","workflowName":"RAG Agent","executionId":"4","nodeType":"n8n-nodes-base.httpRequest","nodeName":"HTTP Request","nodeId":"3ccfa089-6394-44e3-b8c9-a07341de61e2"}}
{"__type":"$$EventMessageConfirm","confirm":"c089ca90-4ef4-4a77-999d-b2aba7477fe0","ts":"2026-05-29T14:42:10.965+02:00","source":{"id":"0","name":"eventBus"}}
{"__type":"$$EventMessageWorkflow","id":"3174d852-2173-4d69-b355-399c42e6b2bb","ts":"2026-05-29T14:42:10.970+02:00","eventName":"n8n.workflow.failed","message":"n8n.workflow.failed","payload":{"userId":"3124fdca-7068-440c-ba3f-b39ea19def86","executionId":"4","success":false,"isManual":true,"mode":"manual","workflowId":"M8Fm2CHqS3InTvpg","workflowName":"RAG Agent","projectId":"muJ9MLaUr5LSKuIA","projectName":"Egor Trebesov <etrebesov@sovtest-ate.com>","lastNodeExecuted":"HTTP Request","errorNodeType":"n8n-nodes-base.httpRequest","errorMessage":"The connection was aborted, perhaps the server is offline"}}
{"__type":"$$EventMessageConfirm","confirm":"3174d852-2173-4d69-b355-399c42e6b2bb","ts":"2026-05-29T14:42:10.970+02:00","source":{"id":"0","name":"eventBus"}}
{"__type":"$$EventMessageAudit","id":"21bb48d7-c83f-45d6-8eea-14fb43fd9ddf","ts":"2026-05-29T14:47:27.150+02:00","eventName":"n8n.audit.workflow.executed","message":"n8n.audit.workflow.executed","payload":{"workflowId":"M8Fm2CHqS3InTvpg","workflowName":"RAG Agent","executionId":"5","source":"webhook"}}
{"__type":"$$EventMessageConfirm","confirm":"21bb48d7-c83f-45d6-8eea-14fb43fd9ddf","ts":"2026-05-29T14:47:27.150+02:00","source":{"id":"0","name":"eventBus"}}
{"__type":"$$EventMessageWorkflow","id":"46d7bcd6-4835-4ace-9541-cc3794106fc1","ts":"2026-05-29T14:47:27.150+02:00","eventName":"n8n.workflow.started","message":"n8n.workflow.started","payload":{"executionId":"5","workflowId":"M8Fm2CHqS3InTvpg","isManual":false,"mode":"manual","workflowName":"RAG Agent","projectId":"muJ9MLaUr5LSKuIA","projectName":"Egor Trebesov <etrebesov@sovtest-ate.com>"}}
{"__type":"$$EventMessageConfirm","confirm":"46d7bcd6-4835-4ace-9541-cc3794106fc1","ts":"2026-05-29T14:47:27.150+02:00","source":{"id":"0","name":"eventBus"}}
{"__type":"$$EventMessageNode","id":"285e251e-5448-456e-bb6d-cd73fddce10a","ts":"2026-05-29T14:47:27.158+02:00","eventName":"n8n.node.started","message":"n8n.node.started","payload":{"workflowId":"M8Fm2CHqS3InTvpg","workflowName":"RAG Agent","executionId":"5","nodeType":"n8n-nodes-base.webhook","nodeName":"Webhook","nodeId":"58b91ed9-e55a-418a-83ed-e5d521aa17f1"}}
{"__type":"$$EventMessageConfirm","confirm":"285e251e-5448-456e-bb6d-cd73fddce10a","ts":"2026-05-29T14:47:27.158+02:00","source":{"id":"0","name":"eventBus"}}
{"__type":"$$EventMessageNode","id":"b16e4d4e-1de7-4e10-918c-97b0c30e9297","ts":"2026-05-29T14:47:27.159+02:00","eventName":"n8n.node.finished","message":"n8n.node.finished","payload":{"workflowId":"M8Fm2CHqS3InTvpg","workflowName":"RAG Agent","executionId":"5","nodeType":"n8n-nodes-base.webhook","nodeName":"Webhook","nodeId":"58b91ed9-e55a-418a-83ed-e5d521aa17f1"}}
{"__type":"$$EventMessageConfirm","confirm":"b16e4d4e-1de7-4e10-918c-97b0c30e9297","ts":"2026-05-29T14:47:27.159+02:00","source":{"id":"0","name":"eventBus"}}
{"__type":"$$EventMessageNode","id":"94de129c-bedf-4506-a157-08f1b20992a6","ts":"2026-05-29T14:47:27.159+02:00","eventName":"n8n.node.started","message":"n8n.node.started","payload":{"workflowId":"M8Fm2CHqS3InTvpg","workflowName":"RAG Agent","executionId":"5","nodeType":"n8n-nodes-base.httpRequest","nodeName":"HTTP Request","nodeId":"3ccfa089-6394-44e3-b8c9-a07341de61e2"}}
{"__type":"$$EventMessageConfirm","confirm":"94de129c-bedf-4506-a157-08f1b20992a6","ts":"2026-05-29T14:47:27.159+02:00","source":{"id":"0","name":"eventBus"}}
{"__type":"$$EventMessageNode","id":"b1dcd29d-c800-4183-a95f-a9cbe67ecc4b","ts":"2026-05-29T14:48:58.352+02:00","eventName":"n8n.node.finished","message":"n8n.node.finished","payload":{"workflowId":"M8Fm2CHqS3InTvpg","workflowName":"RAG Agent","executionId":"5","nodeType":"n8n-nodes-base.httpRequest","nodeName":"HTTP Request","nodeId":"3ccfa089-6394-44e3-b8c9-a07341de61e2"}}
{"__type":"$$EventMessageConfirm","confirm":"b1dcd29d-c800-4183-a95f-a9cbe67ecc4b","ts":"2026-05-29T14:48:58.357+02:00","source":{"id":"0","name":"eventBus"}}
{"__type":"$$EventMessageNode","id":"e1712ac3-2d29-4a2a-9394-f04e08587831","ts":"2026-05-29T14:48:58.362+02:00","eventName":"n8n.node.started","message":"n8n.node.started","payload":{"workflowId":"M8Fm2CHqS3InTvpg","workflowName":"RAG Agent","executionId":"5","nodeType":"n8n-nodes-base.respondToWebhook","nodeName":"Respond to Webhook","nodeId":"f02714cb-ad93-496a-b2ba-e04216d58531"}}
{"__type":"$$EventMessageConfirm","confirm":"e1712ac3-2d29-4a2a-9394-f04e08587831","ts":"2026-05-29T14:48:58.362+02:00","source":{"id":"0","name":"eventBus"}}
{"__type":"$$EventMessageNode","id":"854f38a1-1386-4161-ae78-72c55ab8c012","ts":"2026-05-29T14:48:58.373+02:00","eventName":"n8n.node.finished","message":"n8n.node.finished","payload":{"workflowId":"M8Fm2CHqS3InTvpg","workflowName":"RAG Agent","executionId":"5","nodeType":"n8n-nodes-base.respondToWebhook","nodeName":"Respond to Webhook","nodeId":"f02714cb-ad93-496a-b2ba-e04216d58531"}}
{"__type":"$$EventMessageConfirm","confirm":"854f38a1-1386-4161-ae78-72c55ab8c012","ts":"2026-05-29T14:48:58.373+02:00","source":{"id":"0","name":"eventBus"}}
{"__type":"$$EventMessageWorkflow","id":"7999351e-76f0-48ee-a2fb-ca9c2f3ac5b0","ts":"2026-05-29T14:48:58.388+02:00","eventName":"n8n.workflow.success","message":"n8n.workflow.success","payload":{"userId":"3124fdca-7068-440c-ba3f-b39ea19def86","executionId":"5","success":true,"isManual":true,"mode":"manual","workflowId":"M8Fm2CHqS3InTvpg","workflowName":"RAG Agent","projectId":"muJ9MLaUr5LSKuIA","projectName":"Egor Trebesov <etrebesov@sovtest-ate.com>"}}
{"__type":"$$EventMessageConfirm","confirm":"7999351e-76f0-48ee-a2fb-ca9c2f3ac5b0","ts":"2026-05-29T14:48:58.389+02:00","source":{"id":"0","name":"eventBus"}}
{"__type":"$$EventMessageAudit","id":"be27e2f4-ddfb-4e83-9e2b-fc3eba7c2b30","ts":"2026-05-29T14:51:15.340+02:00","eventName":"n8n.audit.workflow.updated","message":"n8n.audit.workflow.updated","payload":{"userId":"3124fdca-7068-440c-ba3f-b39ea19def86","_email":"etrebesov@sovtest-ate.com","_firstName":"Egor","_lastName":"Trebesov","globalRole":"global:owner","workflowId":"M8Fm2CHqS3InTvpg","workflowName":"RAG Agent"}}
{"__type":"$$EventMessageConfirm","confirm":"be27e2f4-ddfb-4e83-9e2b-fc3eba7c2b30","ts":"2026-05-29T14:51:15.341+02:00","source":{"id":"0","name":"eventBus"}}
{"__type":"$$EventMessageAudit","id":"7acf569c-3bbd-41a3-bc66-0be432df3d5e","ts":"2026-05-29T14:51:19.590+02:00","eventName":"n8n.audit.workflow.updated","message":"n8n.audit.workflow.updated","payload":{"userId":"3124fdca-7068-440c-ba3f-b39ea19def86","_email":"etrebesov@sovtest-ate.com","_firstName":"Egor","_lastName":"Trebesov","globalRole":"global:owner","workflowId":"M8Fm2CHqS3InTvpg","workflowName":"RAG Agent"}}
{"__type":"$$EventMessageConfirm","confirm":"7acf569c-3bbd-41a3-bc66-0be432df3d5e","ts":"2026-05-29T14:51:19.590+02:00","source":{"id":"0","name":"eventBus"}}
{"__type":"$$EventMessageAudit","id":"50cb5408-cd81-4bb9-b5c0-c1adf4cfebd3","ts":"2026-05-29T14:52:05.636+02:00","eventName":"n8n.audit.workflow.executed","message":"n8n.audit.workflow.executed","payload":{"workflowId":"M8Fm2CHqS3InTvpg","workflowName":"RAG Agent","executionId":"6","source":"webhook"}}
{"__type":"$$EventMessageConfirm","confirm":"50cb5408-cd81-4bb9-b5c0-c1adf4cfebd3","ts":"2026-05-29T14:52:05.637+02:00","source":{"id":"0","name":"eventBus"}}
{"__type":"$$EventMessageWorkflow","id":"60039bea-6445-44af-9ccd-56062e251137","ts":"2026-05-29T14:52:05.637+02:00","eventName":"n8n.workflow.started","message":"n8n.workflow.started","payload":{"executionId":"6","workflowId":"M8Fm2CHqS3InTvpg","isManual":false,"mode":"manual","workflowName":"RAG Agent","projectId":"muJ9MLaUr5LSKuIA","projectName":"Egor Trebesov <etrebesov@sovtest-ate.com>"}}
{"__type":"$$EventMessageConfirm","confirm":"60039bea-6445-44af-9ccd-56062e251137","ts":"2026-05-29T14:52:05.637+02:00","source":{"id":"0","name":"eventBus"}}
{"__type":"$$EventMessageNode","id":"b0e842d3-6794-4aca-a047-d3f03b146825","ts":"2026-05-29T14:52:05.645+02:00","eventName":"n8n.node.started","message":"n8n.node.started","payload":{"workflowId":"M8Fm2CHqS3InTvpg","workflowName":"RAG Agent","executionId":"6","nodeType":"n8n-nodes-base.webhook","nodeName":"Webhook","nodeId":"58b91ed9-e55a-418a-83ed-e5d521aa17f1"}}
{"__type":"$$EventMessageConfirm","confirm":"b0e842d3-6794-4aca-a047-d3f03b146825","ts":"2026-05-29T14:52:05.646+02:00","source":{"id":"0","name":"eventBus"}}
{"__type":"$$EventMessageNode","id":"57fb59e2-9a67-4209-b233-e7e010ca45b6","ts":"2026-05-29T14:52:05.646+02:00","eventName":"n8n.node.finished","message":"n8n.node.finished","payload":{"workflowId":"M8Fm2CHqS3InTvpg","workflowName":"RAG Agent","executionId":"6","nodeType":"n8n-nodes-base.webhook","nodeName":"Webhook","nodeId":"58b91ed9-e55a-418a-83ed-e5d521aa17f1"}}
{"__type":"$$EventMessageConfirm","confirm":"57fb59e2-9a67-4209-b233-e7e010ca45b6","ts":"2026-05-29T14:52:05.646+02:00","source":{"id":"0","name":"eventBus"}}
{"__type":"$$EventMessageNode","id":"41469d92-7039-41ff-918b-0d1648ccfc4a","ts":"2026-05-29T14:52:05.646+02:00","eventName":"n8n.node.started","message":"n8n.node.started","payload":{"workflowId":"M8Fm2CHqS3InTvpg","workflowName":"RAG Agent","executionId":"6","nodeType":"n8n-nodes-base.httpRequest","nodeName":"HTTP Request","nodeId":"3ccfa089-6394-44e3-b8c9-a07341de61e2"}}
{"__type":"$$EventMessageConfirm","confirm":"41469d92-7039-41ff-918b-0d1648ccfc4a","ts":"2026-05-29T14:52:05.646+02:00","source":{"id":"0","name":"eventBus"}}
{"__type":"$$EventMessageNode","id":"1761a96a-dc1d-44cf-8e2a-f89983b6d153","ts":"2026-05-29T14:52:13.832+02:00","eventName":"n8n.node.finished","message":"n8n.node.finished","payload":{"workflowId":"M8Fm2CHqS3InTvpg","workflowName":"RAG Agent","executionId":"6","nodeType":"n8n-nodes-base.httpRequest","nodeName":"HTTP Request","nodeId":"3ccfa089-6394-44e3-b8c9-a07341de61e2"}}
{"__type":"$$EventMessageConfirm","confirm":"1761a96a-dc1d-44cf-8e2a-f89983b6d153","ts":"2026-05-29T14:52:13.832+02:00","source":{"id":"0","name":"eventBus"}}
{"__type":"$$EventMessageNode","id":"fb0be71d-7489-4b65-a832-31e91595bce6","ts":"2026-05-29T14:52:13.832+02:00","eventName":"n8n.node.started","message":"n8n.node.started","payload":{"workflowId":"M8Fm2CHqS3InTvpg","workflowName":"RAG Agent","executionId":"6","nodeType":"n8n-nodes-base.respondToWebhook","nodeName":"Respond to Webhook","nodeId":"f02714cb-ad93-496a-b2ba-e04216d58531"}}
{"__type":"$$EventMessageConfirm","confirm":"fb0be71d-7489-4b65-a832-31e91595bce6","ts":"2026-05-29T14:52:13.832+02:00","source":{"id":"0","name":"eventBus"}}
{"__type":"$$EventMessageNode","id":"25f39970-a176-45d9-ac46-d2a11c8be04a","ts":"2026-05-29T14:52:13.834+02:00","eventName":"n8n.node.finished","message":"n8n.node.finished","payload":{"workflowId":"M8Fm2CHqS3InTvpg","workflowName":"RAG Agent","executionId":"6","nodeType":"n8n-nodes-base.respondToWebhook","nodeName":"Respond to Webhook","nodeId":"f02714cb-ad93-496a-b2ba-e04216d58531"}}
{"__type":"$$EventMessageConfirm","confirm":"25f39970-a176-45d9-ac46-d2a11c8be04a","ts":"2026-05-29T14:52:13.834+02:00","source":{"id":"0","name":"eventBus"}}
{"__type":"$$EventMessageWorkflow","id":"30c1cdea-71a4-47ff-80ac-564023d7a35d","ts":"2026-05-29T14:52:13.836+02:00","eventName":"n8n.workflow.success","message":"n8n.workflow.success","payload":{"userId":"3124fdca-7068-440c-ba3f-b39ea19def86","executionId":"6","success":true,"isManual":true,"mode":"manual","workflowId":"M8Fm2CHqS3InTvpg","workflowName":"RAG Agent","projectId":"muJ9MLaUr5LSKuIA","projectName":"Egor Trebesov <etrebesov@sovtest-ate.com>"}}
{"__type":"$$EventMessageConfirm","confirm":"30c1cdea-71a4-47ff-80ac-564023d7a35d","ts":"2026-05-29T14:52:13.836+02:00","source":{"id":"0","name":"eventBus"}}
